<?xml version="1.0" encoding="UTF-8"?>
<testng-results ignored="0" total="1" passed="1" failed="0" skipped="0">
  <reporter-output>
  </reporter-output>
  <suite started-at="2019-08-24T10:18:46Z" name="test" finished-at="2019-08-24T10:18:51Z" duration-ms="4682">
    <groups>
    </groups>
    <test started-at="2019-08-24T10:18:46Z" name="test" finished-at="2019-08-24T10:18:51Z" duration-ms="4682">
      <class name="qa.tests.ValidateEmails">
        <test-method is-config="true" signature="setup()[pri:0, instance:qa.tests.ValidateEmails@22361e23]" started-at="2019-08-24T10:18:46Z" name="setup" finished-at="2019-08-24T10:18:47Z" duration-ms="253" status="PASS">
          <reporter-output>
          </reporter-output>
        </test-method> <!-- setup -->
        <test-method signature="testPost()[pri:0, instance:qa.tests.ValidateEmails@22361e23]" started-at="2019-08-24T10:18:47Z" name="testPost" finished-at="2019-08-24T10:18:51Z" duration-ms="4416" status="PASS">
          <reporter-output>
          </reporter-output>
        </test-method> <!-- testPost -->
      </class> <!-- qa.tests.ValidateEmails -->
    </test> <!-- test -->
  </suite> <!-- test -->
</testng-results>
