-------------------------------------------------------------------------------
Test set: TestSuite
-------------------------------------------------------------------------------
Tests run: 1, Failures: 1, Errors: 0, Skipped: 0, Time elapsed: 7.925 s <<< FAILURE! - in TestSuite
testPost(qa.tests.ValidateEmails)  Time elapsed: 6.731 s  <<< FAILURE!
org.assertj.core.api.SoftAssertionError: 

The following 50 assertions failed:
1) [Email: Lura@rod.tv from postId 21] 
Expecting:
 <false>
to be equal to:
 <true>
but was not.
at ValidateEmails.testPost(ValidateEmails.java:86)
2) [Email: Lottie.Zieme@ruben.us from postId 21] 
Expecting:
 <false>
to be equal to:
 <true>
but was not.
at ValidateEmails.testPost(ValidateEmails.java:86)
3) [Email: Winona_Price@jevon.me from postId 21] 
Expecting:
 <false>
to be equal to:
 <true>
but was not.
at ValidateEmails.testPost(ValidateEmails.java:86)
4) [Email: Gabriel@oceane.biz from postId 21] 
Expecting:
 <false>
to be equal to:
 <true>
but was not.
at ValidateEmails.testPost(ValidateEmails.java:86)
5) [Email: Adolph.Ondricka@mozell.co.uk from postId 21] 
Expecting:
 <false>
to be equal to:
 <true>
but was not.
at ValidateEmails.testPost(ValidateEmails.java:86)
6) [Email: Allen@richard.biz from postId 22] 
Expecting:
 <false>
to be equal to:
 <true>
but was not.
at ValidateEmails.testPost(ValidateEmails.java:86)
7) [Email: Nicholaus@mikayla.ca from postId 22] 
Expecting:
 <false>
to be equal to:
 <true>
but was not.
at ValidateEmails.testPost(ValidateEmails.java:86)
8) [Email: Kayla@susanna.org from postId 22] 
Expecting:
 <false>
to be equal to:
 <true>
but was not.
at ValidateEmails.testPost(ValidateEmails.java:86)
9) [Email: Gideon@amina.name from postId 22] 
Expecting:
 <false>
to be equal to:
 <true>
but was not.
at ValidateEmails.testPost(ValidateEmails.java:86)
10) [Email: Cassidy@maribel.io from postId 22] 
Expecting:
 <false>
to be equal to:
 <true>
but was not.
at ValidateEmails.testPost(ValidateEmails.java:86)
11) [Email: Stefan.Crist@duane.ca from postId 23] 
Expecting:
 <false>
to be equal to:
 <true>
but was not.
at ValidateEmails.testPost(ValidateEmails.java:86)
12) [Email: Aniyah.Ortiz@monte.me from postId 23] 
Expecting:
 <false>
to be equal to:
 <true>
but was not.
at ValidateEmails.testPost(ValidateEmails.java:86)
13) [Email: Laverna@rico.biz from postId 23] 
Expecting:
 <false>
to be equal to:
 <true>
but was not.
at ValidateEmails.testPost(ValidateEmails.java:86)
14) [Email: Derek@hildegard.net from postId 23] 
Expecting:
 <false>
to be equal to:
 <true>
but was not.
at ValidateEmails.testPost(ValidateEmails.java:86)
15) [Email: Tyrell@abdullah.ca from postId 23] 
Expecting:
 <false>
to be equal to:
 <true>
but was not.
at ValidateEmails.testPost(ValidateEmails.java:86)
16) [Email: Reyes@hailey.name from postId 24] 
Expecting:
 <false>
to be equal to:
 <true>
but was not.
at ValidateEmails.testPost(ValidateEmails.java:86)
17) [Email: Danika.Dicki@mekhi.biz from postId 24] 
Expecting:
 <false>
to be equal to:
 <true>
but was not.
at ValidateEmails.testPost(ValidateEmails.java:86)
18) [Email: Alessandra.Nitzsche@stephania.us from postId 24] 
Expecting:
 <false>
to be equal to:
 <true>
but was not.
at ValidateEmails.testPost(ValidateEmails.java:86)
19) [Email: Matteo@marquis.net from postId 24] 
Expecting:
 <false>
to be equal to:
 <true>
but was not.
at ValidateEmails.testPost(ValidateEmails.java:86)
20) [Email: Joshua.Spinka@toby.io from postId 24] 
Expecting:
 <false>
to be equal to:
 <true>
but was not.
at ValidateEmails.testPost(ValidateEmails.java:86)
21) [Email: Annabelle@cole.com from postId 25] 
Expecting:
 <false>
to be equal to:
 <true>
but was not.
at ValidateEmails.testPost(ValidateEmails.java:86)
22) [Email: Kacey@jamal.info from postId 25] 
Expecting:
 <false>
to be equal to:
 <true>
but was not.
at ValidateEmails.testPost(ValidateEmails.java:86)
23) [Email: Mina@mallie.name from postId 25] 
Expecting:
 <false>
to be equal to:
 <true>
but was not.
at ValidateEmails.testPost(ValidateEmails.java:86)
24) [Email: Hudson.Blick@ruben.biz from postId 25] 
Expecting:
 <false>
to be equal to:
 <true>
but was not.
at ValidateEmails.testPost(ValidateEmails.java:86)
25) [Email: Domenic.Durgan@joaquin.name from postId 25] 
Expecting:
 <false>
to be equal to:
 <true>
but was not.
at ValidateEmails.testPost(ValidateEmails.java:86)
26) [Email: Alexie@alayna.org from postId 26] 
Expecting:
 <false>
to be equal to:
 <true>
but was not.
at ValidateEmails.testPost(ValidateEmails.java:86)
27) [Email: Haven_Barrows@brant.org from postId 26] 
Expecting:
 <false>
to be equal to:
 <true>
but was not.
at ValidateEmails.testPost(ValidateEmails.java:86)
28) [Email: Marianne@maximo.us from postId 26] 
Expecting:
 <false>
to be equal to:
 <true>
but was not.
at ValidateEmails.testPost(ValidateEmails.java:86)
29) [Email: Fanny@danial.com from postId 26] 
Expecting:
 <false>
to be equal to:
 <true>
but was not.
at ValidateEmails.testPost(ValidateEmails.java:86)
30) [Email: Trevion_Kuphal@bernice.name from postId 26] 
Expecting:
 <false>
to be equal to:
 <true>
but was not.
at ValidateEmails.testPost(ValidateEmails.java:86)
31) [Email: Emmet@guy.biz from postId 27] 
Expecting:
 <false>
to be equal to:
 <true>
but was not.
at ValidateEmails.testPost(ValidateEmails.java:86)
32) [Email: Megane.Fritsch@claude.name from postId 27] 
Expecting:
 <false>
to be equal to:
 <true>
but was not.
at ValidateEmails.testPost(ValidateEmails.java:86)
33) [Email: Amya@durward.ca from postId 27] 
Expecting:
 <false>
to be equal to:
 <true>
but was not.
at ValidateEmails.testPost(ValidateEmails.java:86)
34) [Email: Jasen_Rempel@willis.org from postId 27] 
Expecting:
 <false>
to be equal to:
 <true>
but was not.
at ValidateEmails.testPost(ValidateEmails.java:86)
35) [Email: Harmony@reggie.com from postId 27] 
Expecting:
 <false>
to be equal to:
 <true>
but was not.
at ValidateEmails.testPost(ValidateEmails.java:86)
36) [Email: Rosanna_Kunze@guy.net from postId 28] 
Expecting:
 <false>
to be equal to:
 <true>
but was not.
at ValidateEmails.testPost(ValidateEmails.java:86)
37) [Email: Ressie.Boehm@flossie.com from postId 28] 
Expecting:
 <false>
to be equal to:
 <true>
but was not.
at ValidateEmails.testPost(ValidateEmails.java:86)
38) [Email: Domenic.Wuckert@jazmyne.us from postId 28] 
Expecting:
 <false>
to be equal to:
 <true>
but was not.
at ValidateEmails.testPost(ValidateEmails.java:86)
39) [Email: Rhett.OKon@brian.info from postId 28] 
Expecting:
 <false>
to be equal to:
 <true>
but was not.
at ValidateEmails.testPost(ValidateEmails.java:86)
40) [Email: Mathias@richmond.info from postId 28] 
Expecting:
 <false>
to be equal to:
 <true>
but was not.
at ValidateEmails.testPost(ValidateEmails.java:86)
41) [Email: Ottis@lourdes.org from postId 29] 
Expecting:
 <false>
to be equal to:
 <true>
but was not.
at ValidateEmails.testPost(ValidateEmails.java:86)
42) [Email: Estel@newton.ca from postId 29] 
Expecting:
 <false>
to be equal to:
 <true>
but was not.
at ValidateEmails.testPost(ValidateEmails.java:86)
43) [Email: Bertha@erik.co.uk from postId 29] 
Expecting:
 <false>
to be equal to:
 <true>
but was not.
at ValidateEmails.testPost(ValidateEmails.java:86)
44) [Email: Joesph@matteo.info from postId 29] 
Expecting:
 <false>
to be equal to:
 <true>
but was not.
at ValidateEmails.testPost(ValidateEmails.java:86)
45) [Email: Alva@cassandre.net from postId 29] 
Expecting:
 <false>
to be equal to:
 <true>
but was not.
at ValidateEmails.testPost(ValidateEmails.java:86)
46) [Email: Vivienne@willis.org from postId 30] 
Expecting:
 <false>
to be equal to:
 <true>
but was not.
at ValidateEmails.testPost(ValidateEmails.java:86)
47) [Email: Angelita@aliza.me from postId 30] 
Expecting:
 <false>
to be equal to:
 <true>
but was not.
at ValidateEmails.testPost(ValidateEmails.java:86)
48) [Email: Timmothy_Okuneva@alyce.tv from postId 30] 
Expecting:
 <false>
to be equal to:
 <true>
but was not.
at ValidateEmails.testPost(ValidateEmails.java:86)
49) [Email: Moriah_Welch@richmond.org from postId 30] 
Expecting:
 <false>
to be equal to:
 <true>
but was not.
at ValidateEmails.testPost(ValidateEmails.java:86)
50) [Email: Ramiro_Kuhn@harmon.biz from postId 30] 
Expecting:
 <false>
to be equal to:
 <true>
but was not.
at ValidateEmails.testPost(ValidateEmails.java:86)

	at qa.tests.ValidateEmails.testPost(ValidateEmails.java:89)

