-------------------------------------------------------------------------------
Test set: TestSuite
-------------------------------------------------------------------------------
Tests run: 1, Failures: 1, Errors: 0, Skipped: 0, Time elapsed: 4.689 sec <<< FAILURE! - in TestSuite
testPost(qa.tests.ValidateEmails)  Time elapsed: 3.615 sec  <<< FAILURE!
org.assertj.core.api.SoftAssertionError: 
The following 50 assertions failed:
1) [Email: Lura@rod.tv from postId 21] 
Expecting:
 <false>
to be equal to:
 <true>
but was not.
at ValidateEmails.testPost(ValidateEmails.java:89)
2) [Email: Lottie.Zieme@ruben.us from postId 21] 
Expecting:
 <false>
to be equal to:
 <true>
but was not.
at ValidateEmails.testPost(ValidateEmails.java:89)
3) [Email: Winona_Price@jevon.me from postId 21] 
Expecting:
 <false>
to be equal to:
 <true>
but was not.
at ValidateEmails.testPost(ValidateEmails.java:89)
4) [Email: Gabriel@oceane.biz from postId 21] 
Expecting:
 <false>
to be equal to:
 <true>
but was not.
at ValidateEmails.testPost(ValidateEmails.java:89)
5) [Email: Adolph.Ondricka@mozell.co.uk from postId 21] 
Expecting:
 <false>
to be equal to:
 <true>
but was not.
at ValidateEmails.testPost(ValidateEmails.java:89)
6) [Email: Allen@richard.biz from postId 22] 
Expecting:
 <false>
to be equal to:
 <true>
but was not.
at ValidateEmails.testPost(ValidateEmails.java:89)
7) [Email: Nicholaus@mikayla.ca from postId 22] 
Expecting:
 <false>
to be equal to:
 <true>
but was not.
at ValidateEmails.testPost(ValidateEmails.java:89)
8) [Email: Kayla@susanna.org from postId 22] 
Expecting:
 <false>
to be equal to:
 <true>
but was not.
at ValidateEmails.testPost(ValidateEmails.java:89)
9) [Email: Gideon@amina.name from postId 22] 
Expecting:
 <false>
to be equal to:
 <true>
but was not.
at ValidateEmails.testPost(ValidateEmails.java:89)
10) [Email: Cassidy@maribel.io from postId 22] 
Expecting:
 <false>
to be equal to:
 <true>
but was not.
at ValidateEmails.testPost(ValidateEmails.java:89)
11) [Email: Stefan.Crist@duane.ca from postId 23] 
Expecting:
 <false>
to be equal to:
 <true>
but was not.
at ValidateEmails.testPost(ValidateEmails.java:89)
12) [Email: Aniyah.Ortiz@monte.me from postId 23] 
Expecting:
 <false>
to be equal to:
 <true>
but was not.
at ValidateEmails.testPost(ValidateEmails.java:89)
13) [Email: Laverna@rico.biz from postId 23] 
Expecting:
 <false>
to be equal to:
 <true>
but was not.
at ValidateEmails.testPost(ValidateEmails.java:89)
14) [Email: Derek@hildegard.net from postId 23] 
Expecting:
 <false>
to be equal to:
 <true>
but was not.
at ValidateEmails.testPost(ValidateEmails.java:89)
15) [Email: Tyrell@abdullah.ca from postId 23] 
Expecting:
 <false>
to be equal to:
 <true>
but was not.
at ValidateEmails.testPost(ValidateEmails.java:89)
16) [Email: Reyes@hailey.name from postId 24] 
Expecting:
 <false>
to be equal to:
 <true>
but was not.
at ValidateEmails.testPost(ValidateEmails.java:89)
17) [Email: Danika.Dicki@mekhi.biz from postId 24] 
Expecting:
 <false>
to be equal to:
 <true>
but was not.
at ValidateEmails.testPost(ValidateEmails.java:89)
18) [Email: Alessandra.Nitzsche@stephania.us from postId 24] 
Expecting:
 <false>
to be equal to:
 <true>
but was not.
at ValidateEmails.testPost(ValidateEmails.java:89)
19) [Email: Matteo@marquis.net from postId 24] 
Expecting:
 <false>
to be equal to:
 <true>
but was not.
at ValidateEmails.testPost(ValidateEmails.java:89)
20) [Email: Joshua.Spinka@toby.io from postId 24] 
Expecting:
 <false>
to be equal to:
 <true>
but was not.
at ValidateEmails.testPost(ValidateEmails.java:89)
21) [Email: Annabelle@cole.com from postId 25] 
Expecting:
 <false>
to be equal to:
 <true>
but was not.
at ValidateEmails.testPost(ValidateEmails.java:89)
22) [Email: Kacey@jamal.info from postId 25] 
Expecting:
 <false>
to be equal to:
 <true>
but was not.
at ValidateEmails.testPost(ValidateEmails.java:89)
23) [Email: Mina@mallie.name from postId 25] 
Expecting:
 <false>
to be equal to:
 <true>
but was not.
at ValidateEmails.testPost(ValidateEmails.java:89)
24) [Email: Hudson.Blick@ruben.biz from postId 25] 
Expecting:
 <false>
to be equal to:
 <true>
but was not.
at ValidateEmails.testPost(ValidateEmails.java:89)
25) [Email: Domenic.Durgan@joaquin.name from postId 25] 
Expecting:
 <false>
to be equal to:
 <true>
but was not.
at ValidateEmails.testPost(ValidateEmails.java:89)
26) [Email: Alexie@alayna.org from postId 26] 
Expecting:
 <false>
to be equal to:
 <true>
but was not.
at ValidateEmails.testPost(ValidateEmails.java:89)
27) [Email: Haven_Barrows@brant.org from postId 26] 
Expecting:
 <false>
to be equal to:
 <true>
but was not.
at ValidateEmails.testPost(ValidateEmails.java:89)
28) [Email: Marianne@maximo.us from postId 26] 
Expecting:
 <false>
to be equal to:
 <true>
but was not.
at ValidateEmails.testPost(ValidateEmails.java:89)
29) [Email: Fanny@danial.com from postId 26] 
Expecting:
 <false>
to be equal to:
 <true>
but was not.
at ValidateEmails.testPost(ValidateEmails.java:89)
30) [Email: Trevion_Kuphal@bernice.name from postId 26] 
Expecting:
 <false>
to be equal to:
 <true>
but was not.
at ValidateEmails.testPost(ValidateEmails.java:89)
31) [Email: Emmet@guy.biz from postId 27] 
Expecting:
 <false>
to be equal to:
 <true>
but was not.
at ValidateEmails.testPost(ValidateEmails.java:89)
32) [Email: Megane.Fritsch@claude.name from postId 27] 
Expecting:
 <false>
to be equal to:
 <true>
but was not.
at ValidateEmails.testPost(ValidateEmails.java:89)
33) [Email: Amya@durward.ca from postId 27] 
Expecting:
 <false>
to be equal to:
 <true>
but was not.
at ValidateEmails.testPost(ValidateEmails.java:89)
34) [Email: Jasen_Rempel@willis.org from postId 27] 
Expecting:
 <false>
to be equal to:
 <true>
but was not.
at ValidateEmails.testPost(ValidateEmails.java:89)
35) [Email: Harmony@reggie.com from postId 27] 
Expecting:
 <false>
to be equal to:
 <true>
but was not.
at ValidateEmails.testPost(ValidateEmails.java:89)
36) [Email: Rosanna_Kunze@guy.net from postId 28] 
Expecting:
 <false>
to be equal to:
 <true>
but was not.
at ValidateEmails.testPost(ValidateEmails.java:89)
37) [Email: Ressie.Boehm@flossie.com from postId 28] 
Expecting:
 <false>
to be equal to:
 <true>
but was not.
at ValidateEmails.testPost(ValidateEmails.java:89)
38) [Email: Domenic.Wuckert@jazmyne.us from postId 28] 
Expecting:
 <false>
to be equal to:
 <true>
but was not.
at ValidateEmails.testPost(ValidateEmails.java:89)
39) [Email: Rhett.OKon@brian.info from postId 28] 
Expecting:
 <false>
to be equal to:
 <true>
but was not.
at ValidateEmails.testPost(ValidateEmails.java:89)
40) [Email: Mathias@richmond.info from postId 28] 
Expecting:
 <false>
to be equal to:
 <true>
but was not.
at ValidateEmails.testPost(ValidateEmails.java:89)
41) [Email: Ottis@lourdes.org from postId 29] 
Expecting:
 <false>
to be equal to:
 <true>
but was not.
at ValidateEmails.testPost(ValidateEmails.java:89)
42) [Email: Estel@newton.ca from postId 29] 
Expecting:
 <false>
to be equal to:
 <true>
but was not.
at ValidateEmails.testPost(ValidateEmails.java:89)
43) [Email: Bertha@erik.co.uk from postId 29] 
Expecting:
 <false>
to be equal to:
 <true>
but was not.
at ValidateEmails.testPost(ValidateEmails.java:89)
44) [Email: Joesph@matteo.info from postId 29] 
Expecting:
 <false>
to be equal to:
 <true>
but was not.
at ValidateEmails.testPost(ValidateEmails.java:89)
45) [Email: Alva@cassandre.net from postId 29] 
Expecting:
 <false>
to be equal to:
 <true>
but was not.
at ValidateEmails.testPost(ValidateEmails.java:89)
46) [Email: Vivienne@willis.org from postId 30] 
Expecting:
 <false>
to be equal to:
 <true>
but was not.
at ValidateEmails.testPost(ValidateEmails.java:89)
47) [Email: Angelita@aliza.me from postId 30] 
Expecting:
 <false>
to be equal to:
 <true>
but was not.
at ValidateEmails.testPost(ValidateEmails.java:89)
48) [Email: Timmothy_Okuneva@alyce.tv from postId 30] 
Expecting:
 <false>
to be equal to:
 <true>
but was not.
at ValidateEmails.testPost(ValidateEmails.java:89)
49) [Email: Moriah_Welch@richmond.org from postId 30] 
Expecting:
 <false>
to be equal to:
 <true>
but was not.
at ValidateEmails.testPost(ValidateEmails.java:89)
50) [Email: Ramiro_Kuhn@harmon.biz from postId 30] 
Expecting:
 <false>
to be equal to:
 <true>
but was not.
at ValidateEmails.testPost(ValidateEmails.java:89)

	at org.assertj.core.error.AssertionErrorCreator.multipleSoftAssertionsError(AssertionErrorCreator.java:75)
	at org.assertj.core.api.SoftAssertions.assertAll(SoftAssertions.java:134)
	at qa.tests.ValidateEmails.testPost(ValidateEmails.java:92)

