<?xml version="1.0" encoding="UTF-8"?>
<testng-results ignored="0" total="1" passed="1" failed="0" skipped="0">
  <reporter-output>
  </reporter-output>
  <suite started-at="2019-08-24T09:54:29Z" name="test" finished-at="2019-08-24T09:54:33Z" duration-ms="4089">
    <groups>
    </groups>
    <test started-at="2019-08-24T09:54:29Z" name="test" finished-at="2019-08-24T09:54:33Z" duration-ms="4089">
      <class name="qa.tests.ValidateEmails">
        <test-method is-config="true" signature="setup()[pri:0, instance:qa.tests.ValidateEmails@45312be2]" started-at="2019-08-24T09:54:29Z" name="setup" finished-at="2019-08-24T09:54:30Z" duration-ms="257" status="PASS">
          <reporter-output>
          </reporter-output>
        </test-method> <!-- setup -->
        <test-method signature="testPost()[pri:0, instance:qa.tests.ValidateEmails@45312be2]" started-at="2019-08-24T09:54:30Z" name="testPost" finished-at="2019-08-24T09:54:33Z" duration-ms="3821" status="PASS">
          <reporter-output>
          </reporter-output>
        </test-method> <!-- testPost -->
      </class> <!-- qa.tests.ValidateEmails -->
    </test> <!-- test -->
  </suite> <!-- test -->
</testng-results>
